c:\users\student\desktop\強風のクロノア\kyoufu_kuronoa_2023\c++_action_2023\debug\c++_action_2023.pch
c:\users\student\desktop\強風のクロノア\kyoufu_kuronoa_2023\c++_action_2023\debug\vc140.pdb
c:\users\student\desktop\強風のクロノア\kyoufu_kuronoa_2023\c++_action_2023\debug\vc140.idb
c:\users\student\desktop\強風のクロノア\kyoufu_kuronoa_2023\c++_action_2023\debug\precompile.obj
c:\users\student\desktop\強風のクロノア\kyoufu_kuronoa_2023\c++_action_2023\debug\main.obj
c:\users\student\desktop\強風のクロノア\kyoufu_kuronoa_2023\c++_action_2023\debug\manager.obj
c:\users\student\desktop\強風のクロノア\kyoufu_kuronoa_2023\c++_action_2023\debug\manager_model.obj
c:\users\student\desktop\強風のクロノア\kyoufu_kuronoa_2023\c++_action_2023\debug\manager_texture.obj
c:\users\student\desktop\強風のクロノア\kyoufu_kuronoa_2023\c++_action_2023\debug\mgr_obj.obj
c:\users\student\desktop\強風のクロノア\kyoufu_kuronoa_2023\c++_action_2023\debug\motion.obj
c:\users\student\desktop\強風のクロノア\kyoufu_kuronoa_2023\c++_action_2023\debug\object.obj
c:\users\student\desktop\強風のクロノア\kyoufu_kuronoa_2023\c++_action_2023\debug\model.obj
c:\users\student\desktop\強風のクロノア\kyoufu_kuronoa_2023\c++_action_2023\debug\object2d.obj
c:\users\student\desktop\強風のクロノア\kyoufu_kuronoa_2023\c++_action_2023\debug\object3d.obj
c:\users\student\desktop\強風のクロノア\kyoufu_kuronoa_2023\c++_action_2023\debug\objectx_none.obj
c:\users\student\desktop\強風のクロノア\kyoufu_kuronoa_2023\c++_action_2023\debug\object_billboard.obj
c:\users\student\desktop\強風のクロノア\kyoufu_kuronoa_2023\c++_action_2023\debug\object_x.obj
c:\users\student\desktop\強風のクロノア\kyoufu_kuronoa_2023\c++_action_2023\debug\obj_3d_field.obj
c:\users\student\desktop\強風のクロノア\kyoufu_kuronoa_2023\c++_action_2023\debug\player.obj
c:\users\student\desktop\強風のクロノア\kyoufu_kuronoa_2023\c++_action_2023\debug\renderer.obj
c:\users\student\desktop\強風のクロノア\kyoufu_kuronoa_2023\c++_action_2023\debug\result.obj
c:\users\student\desktop\強風のクロノア\kyoufu_kuronoa_2023\c++_action_2023\debug\sound.obj
c:\users\student\desktop\強風のクロノア\kyoufu_kuronoa_2023\c++_action_2023\debug\title.obj
c:\users\student\desktop\強風のクロノア\kyoufu_kuronoa_2023\c++_action_2023\debug\xinput.obj
c:\users\student\desktop\強風のクロノア\kyoufu_kuronoa_2023\c++_action_2023\debug\bg.obj
c:\users\student\desktop\強風のクロノア\kyoufu_kuronoa_2023\c++_action_2023\debug\camera.obj
c:\users\student\desktop\強風のクロノア\kyoufu_kuronoa_2023\c++_action_2023\debug\coll.obj
c:\users\student\desktop\強風のクロノア\kyoufu_kuronoa_2023\c++_action_2023\debug\gimmick.obj
c:\users\student\desktop\強風のクロノア\kyoufu_kuronoa_2023\c++_action_2023\debug\debugproc.obj
c:\users\student\desktop\強風のクロノア\kyoufu_kuronoa_2023\c++_action_2023\debug\fade.obj
c:\users\student\desktop\強風のクロノア\kyoufu_kuronoa_2023\c++_action_2023\debug\game.obj
c:\users\student\desktop\強風のクロノア\kyoufu_kuronoa_2023\c++_action_2023\debug\input.obj
c:\users\student\desktop\強風のクロノア\kyoufu_kuronoa_2023\c++_action_2023\debug\light.obj
c:\users\student\desktop\強風のクロノア\kyoufu_kuronoa_2023\c++_action_2023\debug\kazedama.obj
c:\users\student\desktop\強風のクロノア\kyoufu_kuronoa_2023\c++_action_2023\debug\obj_block.obj
c:\users\student\desktop\強風のクロノア\kyoufu_kuronoa_2023\c++_action_2023\debug\mgr_coll.obj
c:\users\student\desktop\強風のクロノア\kyoufu_kuronoa_2023\c++_action_2023\debug\gimmick_jewel.obj
c:\users\student\desktop\強風のクロノア\kyoufu_kuronoa_2023\c++_action_2023\debug\enemy_have.obj
c:\users\student\desktop\強風のクロノア\kyoufu_kuronoa_2023\c++_action_2023\debug\c++_action_2023.ilk
c:\users\student\desktop\強風のクロノア\kyoufu_kuronoa_2023\c++_action_2023\debug\c++_action_2023.exe
c:\users\student\desktop\強風のクロノア\kyoufu_kuronoa_2023\c++_action_2023\debug\c++_action_2023.pdb
c:\users\student\desktop\強風のクロノア\kyoufu_kuronoa_2023\c++_action_2023\debug\c++_action_2023.tlog\cl.command.1.tlog
c:\users\student\desktop\強風のクロノア\kyoufu_kuronoa_2023\c++_action_2023\debug\c++_action_2023.tlog\cl.read.1.tlog
c:\users\student\desktop\強風のクロノア\kyoufu_kuronoa_2023\c++_action_2023\debug\c++_action_2023.tlog\cl.write.1.tlog
c:\users\student\desktop\強風のクロノア\kyoufu_kuronoa_2023\c++_action_2023\debug\c++_action_2023.tlog\link.command.1.tlog
c:\users\student\desktop\強風のクロノア\kyoufu_kuronoa_2023\c++_action_2023\debug\c++_action_2023.tlog\link.read.1.tlog
c:\users\student\desktop\強風のクロノア\kyoufu_kuronoa_2023\c++_action_2023\debug\c++_action_2023.tlog\link.write.1.tlog
