c:\users\student\desktop\強風のクロノア\kyoufu_kuronoa_2023\c++_action_2023\release\vc140.pdb
c:\users\student\desktop\強風のクロノア\kyoufu_kuronoa_2023\c++_action_2023\release\renderer.obj
c:\users\student\desktop\強風のクロノア\kyoufu_kuronoa_2023\c++_action_2023\release\player_battle.obj
c:\users\student\desktop\強風のクロノア\kyoufu_kuronoa_2023\c++_action_2023\release\player.obj
c:\users\student\desktop\強風のクロノア\kyoufu_kuronoa_2023\c++_action_2023\release\obj_3d_field.obj
c:\users\student\desktop\強風のクロノア\kyoufu_kuronoa_2023\c++_action_2023\release\object_x.obj
c:\users\student\desktop\強風のクロノア\kyoufu_kuronoa_2023\c++_action_2023\release\objectx_none.obj
c:\users\student\desktop\強風のクロノア\kyoufu_kuronoa_2023\c++_action_2023\release\object3d.obj
c:\users\student\desktop\強風のクロノア\kyoufu_kuronoa_2023\c++_action_2023\release\model.obj
c:\users\student\desktop\強風のクロノア\kyoufu_kuronoa_2023\c++_action_2023\release\object.obj
c:\users\student\desktop\強風のクロノア\kyoufu_kuronoa_2023\c++_action_2023\release\motion.obj
c:\users\student\desktop\強風のクロノア\kyoufu_kuronoa_2023\c++_action_2023\release\manager_texture.obj
c:\users\student\desktop\強風のクロノア\kyoufu_kuronoa_2023\c++_action_2023\release\manager_model.obj
c:\users\student\desktop\強風のクロノア\kyoufu_kuronoa_2023\c++_action_2023\release\manager.obj
c:\users\student\desktop\強風のクロノア\kyoufu_kuronoa_2023\c++_action_2023\release\main.obj
c:\users\student\desktop\強風のクロノア\kyoufu_kuronoa_2023\c++_action_2023\release\light.obj
c:\users\student\desktop\強風のクロノア\kyoufu_kuronoa_2023\c++_action_2023\release\input.obj
c:\users\student\desktop\強風のクロノア\kyoufu_kuronoa_2023\c++_action_2023\release\game.obj
c:\users\student\desktop\強風のクロノア\kyoufu_kuronoa_2023\c++_action_2023\release\fade.obj
c:\users\student\desktop\強風のクロノア\kyoufu_kuronoa_2023\c++_action_2023\release\debugproc.obj
c:\users\student\desktop\強風のクロノア\kyoufu_kuronoa_2023\c++_action_2023\release\camera.obj
c:\users\student\desktop\強風のクロノア\kyoufu_kuronoa_2023\c++_action_2023\release\xinput.obj
c:\users\student\desktop\強風のクロノア\kyoufu_kuronoa_2023\c++_action_2023\release\title.obj
c:\users\student\desktop\強風のクロノア\kyoufu_kuronoa_2023\c++_action_2023\release\sound.obj
c:\users\student\desktop\強風のクロノア\kyoufu_kuronoa_2023\c++_action_2023\release\result.obj
c:\users\student\desktop\強風のクロノア\kyoufu_kuronoa_2023\c++_action_2023\release\object2d.obj
c:\users\student\desktop\強風のクロノア\kyoufu_kuronoa_2023\c++_action_2023\release\bg.obj
c:\users\student\desktop\強風のクロノア\kyoufu_kuronoa_2023\c++_action_2023\release\object_billboard.obj
c:\users\student\desktop\強風のクロノア\kyoufu_kuronoa_2023\c++_action_2023\release\kazedama.obj
c:\users\student\desktop\強風のクロノア\kyoufu_kuronoa_2023\c++_action_2023\release\enemy.obj
c:\users\student\desktop\強風のクロノア\kyoufu_kuronoa_2023\c++_action_2023\release\collision.obj
c:\users\student\desktop\強風のクロノア\kyoufu_kuronoa_2023\c++_action_2023\release\enemy_have.obj
c:\users\student\desktop\強風のクロノア\kyoufu_kuronoa_2023\c++_action_2023\release\mgr_obj.obj
c:\users\student\desktop\強風のクロノア\kyoufu_kuronoa_2023\c++_action_2023\release\mgr_coll.obj
c:\users\student\desktop\強風のクロノア\kyoufu_kuronoa_2023\c++_action_2023\release\coll.obj
c:\users\student\desktop\強風のクロノア\kyoufu_kuronoa_2023\c++_action_2023\release\c++_action_2023.pch
c:\users\student\desktop\強風のクロノア\kyoufu_kuronoa_2023\c++_action_2023\release\precompile.obj
c:\users\student\desktop\強風のクロノア\kyoufu_kuronoa_2023\c++_action_2023\release\gimmick.obj
c:\users\student\desktop\強風のクロノア\kyoufu_kuronoa_2023\c++_action_2023\c++_action_2023.exe
c:\users\student\desktop\強風のクロノア\kyoufu_kuronoa_2023\c++_action_2023\c++_action_2023.ipdb
c:\users\student\desktop\強風のクロノア\kyoufu_kuronoa_2023\c++_action_2023\c++_action_2023.iobj
c:\users\student\desktop\強風のクロノア\kyoufu_kuronoa_2023\c++_action_2023\c++_action_2023.pdb
c:\users\student\desktop\強風のクロノア\kyoufu_kuronoa_2023\c++_action_2023\release\c++_action_2023.tlog\cl.command.1.tlog
c:\users\student\desktop\強風のクロノア\kyoufu_kuronoa_2023\c++_action_2023\release\c++_action_2023.tlog\cl.read.1.tlog
c:\users\student\desktop\強風のクロノア\kyoufu_kuronoa_2023\c++_action_2023\release\c++_action_2023.tlog\cl.write.1.tlog
c:\users\student\desktop\強風のクロノア\kyoufu_kuronoa_2023\c++_action_2023\release\c++_action_2023.tlog\link.command.1.tlog
c:\users\student\desktop\強風のクロノア\kyoufu_kuronoa_2023\c++_action_2023\release\c++_action_2023.tlog\link.read.1.tlog
c:\users\student\desktop\強風のクロノア\kyoufu_kuronoa_2023\c++_action_2023\release\c++_action_2023.tlog\link.write.1.tlog
